/sw/bioinfo/quast/5.0.2/rackham/bin/quast.py /home/elze3417/genome_analysis/results/spades/contigs.fasta -r /home/elze3417/genome_analysis/data/ncbi_dataset/data/GCA_009734005.2/GCA_009734005.2_ASM973400v2_genomic.fna -o /home/elze3417/genome_analysis/results/quast_spades

Version: 5.0.2

System information:
  OS: Linux-3.10.0-1160.88.1.el7.x86_64-x86_64-with-centos-7.9.2009-Core (linux_64)
  Python version: 3.7.2
  CPUs number: 16

Started: 2023-04-14 14:57:45

Logging to /home/elze3417/genome_analysis/results/quast_spades/quast.log
NOTICE: Maximum number of threads is set to 4 (use --threads option to set it manually)

CWD: /domus/h1/elze3417/genome_analysis/doodle
Main parameters: 
  MODE: default, threads: 4, minimum contig length: 500, minimum alignment length: 65, \
  ambiguity: one, threshold for extensive misassembly size: 1000

Reference:
  /home/elze3417/genome_analysis/data/ncbi_dataset/data/GCA_009734005.2/GCA_009734005.2_ASM973400v2_genomic.fna ==> GCA_009734005.2_ASM973400v2_genomic

Contigs:
  Pre-processing...
  /home/elze3417/genome_analysis/results/spades/contigs.fasta ==> contigs

2023-04-14 14:57:47
Running Basic statistics processor...
  Reference genome:
    GCA_009734005.2_ASM973400v2_genomic.fna, length = 2919198, num fragments = 2, GC % = 37.88
  Contig files: 
    contigs
  Calculating N50 and L50...
    contigs, N50 = 162629, L50 = 6, Total length = 3080955, GC % = 37.64, # N's per 100 kbp =  0.00
  Drawing Nx plot...
    saved to /home/elze3417/genome_analysis/results/quast_spades/basic_stats/Nx_plot.pdf
  Drawing NGx plot...
    saved to /home/elze3417/genome_analysis/results/quast_spades/basic_stats/NGx_plot.pdf
  Drawing cumulative plot...
    saved to /home/elze3417/genome_analysis/results/quast_spades/basic_stats/cumulative_plot.pdf
  Drawing GC content plot...
    saved to /home/elze3417/genome_analysis/results/quast_spades/basic_stats/GC_content_plot.pdf
  Drawing contigs GC content plot...
    saved to /home/elze3417/genome_analysis/results/quast_spades/basic_stats/contigs_GC_content_plot.pdf
  Drawing Coverage histogram (bin size: 7x)...
    saved to /home/elze3417/genome_analysis/results/quast_spades/basic_stats/coverage_histogram.pdf
  Drawing contigs coverage histogram (bin size: 7x)...
    saved to /home/elze3417/genome_analysis/results/quast_spades/basic_stats/contigs_coverage_histogram.pdf
Done.

2023-04-14 14:57:50
Running Contig analyzer...
  contigs
  Logging to files /home/elze3417/genome_analysis/results/quast_spades/contigs_reports/contigs_report_contigs.stdout and contigs_report_contigs.stderr...
  Aligning contigs to the reference
  /sw/bioinfo/quast/5.0.2/rackham/lib/python3.7/site-packages/quast_libs/minimap2/minimap2 \
  -c -x asm5 -B5 -O4,16 --no-long-join -r 85 -N 50 -s 65 -z 200 --mask-level 0.9 --min-occ \
  200 -g 2500 --score-N 2 --cs -t 4 /home/elze3417/genome_analysis/results/quast_spades/quast_corrected_input/GCA_009734005.2_ASM973400v2_genomic.fna \
  /home/elze3417/genome_analysis/results/quast_spades/quast_corrected_input/contigs.fasta \
  > /home/elze3417/genome_analysis/results/quast_spades/contigs_reports/minimap_output/contigs.coords_tmp \
  2>> /home/elze3417/genome_analysis/results/quast_spades/contigs_reports/contigs_report_contigs.stderr
  Analysis is finished.

  Creating total report...
    saved to /home/elze3417/genome_analysis/results/quast_spades/contigs_reports/misassemblies_report.txt, misassemblies_report.tsv, and misassemblies_report.tex
  Transposed version of total report...
    saved to /home/elze3417/genome_analysis/results/quast_spades/contigs_reports/transposed_report_misassemblies.txt, transposed_report_misassemblies.tsv, and transposed_report_misassemblies.tex
  Creating total report...
    saved to /home/elze3417/genome_analysis/results/quast_spades/contigs_reports/unaligned_report.txt, unaligned_report.tsv, and unaligned_report.tex
  Drawing misassemblies by types plot...
    saved to /home/elze3417/genome_analysis/results/quast_spades/contigs_reports/misassemblies_plot.pdf
  Drawing misassemblies FRCurve plot...
    saved to /home/elze3417/genome_analysis/results/quast_spades/contigs_reports/misassemblies_frcurve_plot.pdf
Done.

2023-04-14 14:57:54
Running NA-NGA calculation...
  contigs, Largest alignment = 137660, NA50 = 24242, NGA50 = 26511, LA50 = 33, LGA50 = 29
  Drawing cumulative plot...
    saved to /home/elze3417/genome_analysis/results/quast_spades/aligned_stats/cumulative_plot.pdf
  Drawing NAx plot...
    saved to /home/elze3417/genome_analysis/results/quast_spades/aligned_stats/NAx_plot.pdf
  Drawing NGAx plot...
    saved to /home/elze3417/genome_analysis/results/quast_spades/aligned_stats/NGAx_plot.pdf
Done.

2023-04-14 14:57:55
Running Genome analyzer...
  NOTICE: No file with genomic features were provided. Use the --features option if you want to specify it.

  NOTICE: No file with operons were provided. Use the -O option if you want to specify it.
  contigs
  Analysis is finished.
  Skipping drawing Genome fraction, % histogram... (less than 2 columns histogram makes no sense)
Done.

NOTICE: Genes are not predicted by default. Use --gene-finding or --glimmer option to enable it.

2023-04-14 14:57:56
Creating large visual summaries...
This may take a while: press Ctrl-C to skip this step..
  1 of 2: Creating Icarus viewers...
  2 of 2: Creating PDF with all tables and plots...
Done

2023-04-14 14:57:58
RESULTS:
  Text versions of total report are saved to /home/elze3417/genome_analysis/results/quast_spades/report.txt, report.tsv, and report.tex
  Text versions of transposed total report are saved to /home/elze3417/genome_analysis/results/quast_spades/transposed_report.txt, transposed_report.tsv, and transposed_report.tex
  HTML version (interactive tables and plots) is saved to /home/elze3417/genome_analysis/results/quast_spades/report.html
  PDF version (tables and plots) is saved to /home/elze3417/genome_analysis/results/quast_spades/report.pdf
  Icarus (contig browser) is saved to /home/elze3417/genome_analysis/results/quast_spades/icarus.html
  Log is saved to /home/elze3417/genome_analysis/results/quast_spades/quast.log

Finished: 2023-04-14 14:57:58
Elapsed time: 0:00:12.644570
NOTICEs: 4; WARNINGs: 0; non-fatal ERRORs: 0

Thank you for using QUAST!
