[08:30:40] This is prokka 1.14.6
[08:30:40] Written by Torsten Seemann <torsten.seemann@gmail.com>
[08:30:40] Homepage is https://github.com/tseemann/prokka
[08:30:40] Local time is Mon Apr 24 08:30:40 2023
[08:30:40] You are elze3417
[08:30:40] Operating system is linux
[08:30:40] You have BioPerl 1.007001
[08:30:40] System has 16 cores.
[08:30:40] Will use maximum of 8 cores.
[08:30:40] Annotating as >>> Bacteria <<<
[08:30:40] Generating locus_tag from '/home/elze3417/genome_analysis/results/canu_pilon/pilon.fasta' contents.
[08:30:40] Setting --locustag KLPNGPOO from MD5 4597098800a0757df5aaf9320fbf340f
[08:30:40] Creating new output folder: /home/elze3417/genome_analysis/results/prokka
[08:30:40] Running: mkdir -p \/home\/elze3417\/genome_analysis\/results\/prokka
[08:30:40] Using filename prefix: annotated_genome.XXX
[08:30:40] Setting HMMER_NCPU=1
[08:30:40] Writing log to: /home/elze3417/genome_analysis/results/prokka/annotated_genome.log
[08:30:40] Command: /sw/bioinfo/prokka/1.45-5b58020/snowy/bin/prokka --outdir /home/elze3417/genome_analysis/results/prokka --prefix annotated_genome --genus Enterococcus --species faecium --strain E745 /home/elze3417/genome_analysis/results/canu_pilon/pilon.fasta
[08:30:40] Appending to PATH: /sw/bioinfo/prokka/1.45-5b58020/rackham/bin/../binaries/linux
[08:30:40] Appending to PATH: /sw/bioinfo/prokka/1.45-5b58020/rackham/bin/../binaries/linux/../common
[08:30:40] Appending to PATH: /sw/bioinfo/prokka/1.45-5b58020/rackham/bin
[08:30:40] Looking for 'aragorn' - found /sw/bioinfo/prokka/1.45-5b58020/rackham/bin/../binaries/linux/aragorn
[08:30:40] Determined aragorn version is 001002 from 'ARAGORN v1.2.38 Dean Laslett'
[08:30:40] Looking for 'barrnap' - found /sw/bioinfo/barrnap/0.8/snowy/bin/barrnap
[08:30:40] Determined barrnap version is 000008 from 'barrnap 0.8'
[08:30:40] Looking for 'blastp' - found /sw/bioinfo/blast/2.11.0+/snowy/bin/blastp
[08:30:41] Determined blastp version is 002011 from 'blastp: 2.11.0+'
[08:30:41] Looking for 'cmpress' - found /sw/bioinfo/prokka/1.45-5b58020/rackham/bin/../binaries/linux/cmpress
[08:30:41] Determined cmpress version is 001001 from '# INFERNAL 1.1.2 (July 2016)'
[08:30:41] Looking for 'cmscan' - found /sw/bioinfo/prokka/1.45-5b58020/rackham/bin/../binaries/linux/cmscan
[08:30:41] Determined cmscan version is 001001 from '# INFERNAL 1.1.2 (July 2016)'
[08:30:41] Looking for 'egrep' - found /usr/bin/egrep
[08:30:41] Looking for 'find' - found /usr/bin/find
[08:30:41] Looking for 'grep' - found /usr/bin/grep
[08:30:41] Looking for 'hmmpress' - found /sw/bioinfo/hmmer/3.1b2/snowy/bin/hmmpress
[08:30:41] Determined hmmpress version is 003001 from '# HMMER 3.1b2 (February 2015); http://hmmer.org/'
[08:30:41] Looking for 'hmmscan' - found /sw/bioinfo/hmmer/3.1b2/snowy/bin/hmmscan
[08:30:41] Determined hmmscan version is 003001 from '# HMMER 3.1b2 (February 2015); http://hmmer.org/'
[08:30:41] Looking for 'java' - found /usr/bin/java
[08:30:41] Looking for 'makeblastdb' - found /sw/bioinfo/blast/2.11.0+/snowy/bin/makeblastdb
[08:30:42] Determined makeblastdb version is 002011 from 'makeblastdb: 2.11.0+'
[08:30:42] Looking for 'minced' - found /sw/bioinfo/minced/0.2.0/snowy/minced
[08:30:42] Determined minced version is 002000 from 'minced 0.2.0'
[08:30:42] Looking for 'parallel' - found /sw/parallel/gnuparallel/20170122/snowy/bin/parallel
[08:30:42] Determined parallel version is 20170122 from 'GNU parallel 20170122'
[08:30:42] Looking for 'prodigal' - found /sw/bioinfo/prodigal/2.6.3/snowy/bin/prodigal
[08:30:42] Determined prodigal version is 002006 from 'Prodigal V2.6.3: February, 2016'
[08:30:42] Looking for 'prokka-genbank_to_fasta_db' - found /sw/bioinfo/prokka/1.45-5b58020/snowy/bin/prokka-genbank_to_fasta_db
[08:30:42] Looking for 'sed' - found /usr/bin/sed
[08:30:42] Looking for 'signalp' - found /sw/bioinfo/SignalP/4.1f/snowy/signalp
[08:30:42] Determined signalp version is 004001 from '4.1 7719997'
[08:30:42] Looking for 'tbl2asn' - found /sw/bioinfo/tbl2asn/25.8/snowy/tbl2asn
[08:30:42] Determined tbl2asn version is 025008 from 'tbl2asn 25.8   arguments:'
[08:30:42] Using genetic code table 11.
[08:30:42] Loading and checking input file: /home/elze3417/genome_analysis/results/canu_pilon/pilon.fasta
[08:30:43] Wrote 9 contigs totalling 3159597 bp.
[08:30:43] Predicting tRNAs and tmRNAs
[08:30:43] Running: aragorn -l -gc11  -w \/home\/elze3417\/genome_analysis\/results\/prokka\/annotated_genome\.fna
[08:30:44] 1 tRNA-Val [650060,650134] 35 (tac)
[08:30:44] 2 tRNA-Lys [650136,650210] 35 (ttt)
[08:30:44] 3 tRNA-Leu [650216,650299] 36 (tag)
[08:30:44] 4 tRNA-Thr [650315,650390] 35 (tgt)
[08:30:44] 5 tRNA-Gly [650400,650471] 33 (gcc)
[08:30:44] 6 tRNA-Leu [650488,650573] 35 (taa)
[08:30:44] 7 tRNA-Arg [650583,650658] 36 (acg)
[08:30:44] 8 tRNA-Pro [650679,650752] 35 (tgg)
[08:30:44] 9 tRNA-Arg [650809,650885] 36 (acg)
[08:30:44] 10 tRNA-Ala [876909,876981] 34 (tgc)
[08:30:44] 11 tRNA-Val [880411,880485] 35 (tac)
[08:30:44] 12 tRNA-Lys [880487,880561] 35 (ttt)
[08:30:44] 13 tRNA-Leu [880567,880650] 36 (tag)
[08:30:44] 14 tRNA-Thr [880666,880741] 35 (tgt)
[08:30:44] 15 tRNA-Gly [880751,880822] 33 (gcc)
[08:30:44] 16 tRNA-Leu [880839,880924] 35 (taa)
[08:30:44] 17 tRNA-Arg [880934,881009] 36 (acg)
[08:30:44] 18 tRNA-Pro [881018,881091] 35 (tgg)
[08:30:44] 19 tRNA-Ala [881111,881183] 34 (tgc)
[08:30:44] 20 tRNA-Met [881210,881285] 36 (cat)
[08:30:44] 21 tRNA-Met [881297,881372] 36 (cat)
[08:30:44] 22 tRNA-Ser [881395,881484] 37 (tga)
[08:30:44] 23 tRNA-Met [881496,881571] 36 (cat)
[08:30:44] 24 tRNA-Asp [881589,881664] 34 (gtc)
[08:30:44] 25 tRNA-Gly [881666,881736] 33 (tcc)
[08:30:44] 26 tRNA-Ile [881749,881824] 36 (gat)
[08:30:44] 27 tRNA-Ser [881847,881936] 36 (gct)
[08:30:44] 28 tRNA-Glu [881956,882029] 35 (ttc)
[08:30:44] 29 tRNA-Ser [882051,882140] 37 (tga)
[08:30:44] 30 tRNA-Met [882152,882227] 36 (cat)
[08:30:44] 31 tRNA-Asp [882244,882318] 35 (gtc)
[08:30:44] 32 tRNA-Phe [882320,882394] 35 (gaa)
[08:30:44] 33 tRNA-Gly [882398,882468] 33 (tcc)
[08:30:44] 34 tRNA-Ile [882480,882555] 36 (gat)
[08:30:44] 35 tRNA-Glu [882565,882638] 35 (ttc)
[08:30:44] 36 tRNA-Lys c[1082702,1082774] 34 (ctt)
[08:30:44] 37 tRNA-Met [1134643,1134716] 35 (cat)
[08:30:44] 38 tRNA-Ala [1263912,1263984] 34 (tgc)
[08:30:44] 39 tRNA-Asn [1267410,1267485] 36 (gtt)
[08:30:44] 40 tRNA-Ser [1267523,1267614] 36 (gga)
[08:30:44] 41 tRNA-Glu [1267627,1267700] 35 (ttc)
[08:30:44] 42 tRNA-Val [1267714,1267788] 35 (tac)
[08:30:44] 43 tRNA-Asp [1267796,1267871] 35 (gtc)
[08:30:44] 44 tRNA-Phe [1267905,1267980] 34 (gaa)
[08:30:44] 45 tRNA-Tyr [1267981,1268063] 36 (gta)
[08:30:44] 46 tRNA-Trp [1268069,1268142] 33 (cca)
[08:30:44] 47 tRNA-His [1268145,1268218] 34 (gtg)
[08:30:44] 48 tRNA-Gln [1268228,1268301] 34 (ttg)
[08:30:44] 49 tRNA-Cys [1268346,1268416] 33 (gca)
[08:30:44] 50 tRNA-Leu [1268436,1268522] 36 (caa)
[08:30:44] 51 tRNA-His [1268583,1268656] 34 (gtg)
[08:30:44] 52 tRNA-Gln [1268664,1268737] 34 (ttg)
[08:30:44] 53 tRNA-Leu [1268753,1268839] 36 (caa)
[08:30:44] 54 tRNA-Leu c[1431905,1431989] 35 (gag)
[08:30:44] 55 tRNA-Leu [1521027,1521112] 36 (cag)
[08:30:44] 56 tRNA-Gln c[1525482,1525554] 34 (ctg)
[08:30:44] 57 tRNA-Met c[1749459,1749534] 36 (cat)
[08:30:44] 58 tRNA-Ser c[2013316,2013403] 33 (cga)
[08:30:44] 59 tmRNA [2042221,2042584] 91,129 AKNENNSYALAA*
[08:30:44] 60 tRNA-Met c[2044971,2045044] 35 (cat)
[08:30:44] 61 tRNA-Gln c[2289453,2289526] 34 (ttg)
[08:30:44] 62 tRNA-Tyr c[2289532,2289612] 35 (gta)
[08:30:44] 63 tRNA-Arg [2320229,2320302] 35 (ccg)
[08:30:44] 64 tRNA-Gly c[2391360,2391430] 33 (ccc)
[08:30:44] 65 tRNA-Asn c[2444520,2444595] 36 (gtt)
[08:30:44] 66 tRNA-Thr [2444808,2444880] 34 (ggt)
[08:30:44] 67 tRNA-Asn c[2447866,2447941] 36 (gtt)
[08:30:44] 68 tRNA-Thr c[2536592,2536664] 34 (cgt)
[08:30:44] 69 tRNA-Met c[2606931,2607004] 35 (cat)
[08:30:44] 70 tRNA-Arg c[2644284,2644359] 36 (cct)
[08:30:44] 71 tRNA-Arg c[2698393,2698467] 35 (tct)
[08:30:44] Found 71 tRNAs
[08:30:44] Predicting Ribosomal RNAs
[08:30:44] Running Barrnap with 8 threads
[08:30:50] 1 tig00000001_pilon 219158 5S ribosomal RNA
[08:30:50] 2 tig00000001_pilon 219367 23S ribosomal RNA
[08:30:50] 3 tig00000001_pilon 222624 16S ribosomal RNA
[08:30:50] 4 tig00000001_pilon 645021 16S ribosomal RNA
[08:30:50] 5 tig00000001_pilon 646925 23S ribosomal RNA
[08:30:50] 6 tig00000001_pilon 649934 5S ribosomal RNA
[08:30:50] 7 tig00000001_pilon 875276 16S ribosomal RNA
[08:30:51] 8 tig00000001_pilon 877276 23S ribosomal RNA
[08:30:51] 9 tig00000001_pilon 880285 5S ribosomal RNA
[08:30:51] 10 tig00000001_pilon 971471 16S ribosomal RNA
[08:30:51] 11 tig00000001_pilon 973375 23S ribosomal RNA
[08:30:51] 12 tig00000001_pilon 976384 5S ribosomal RNA
[08:30:51] 13 tig00000001_pilon 1262278 16S ribosomal RNA
[08:30:51] 14 tig00000001_pilon 1264279 23S ribosomal RNA
[08:30:51] 15 tig00000001_pilon 1267288 5S ribosomal RNA
[08:30:51] 16 tig00000001_pilon 2447953 5S ribosomal RNA
[08:30:51] 17 tig00000001_pilon 2448162 23S ribosomal RNA
[08:30:51] 18 tig00000001_pilon 2451419 16S ribosomal RNA
[08:30:51] Found 18 rRNAs
[08:30:51] Skipping ncRNA search, enable with --rfam if desired.
[08:30:51] Total of 88 tRNA + rRNA features
[08:30:51] Searching for CRISPR repeats
[08:30:51] Found 0 CRISPRs
[08:30:51] Predicting coding sequences
[08:30:51] Contigs total 3159597 bp, so using single mode
[08:30:51] Running: prodigal -i \/home\/elze3417\/genome_analysis\/results\/prokka\/annotated_genome\.fna -c -m -g 11 -p single -f sco -q
[08:31:00] Found 3083 CDS
[08:31:00] Connecting features back to sequences
[08:31:00] Not using genus-specific database. Try --usegenus to enable it.
[08:31:00] Annotating CDS, please be patient.
[08:31:00] Will use 8 CPUs for similarity searching.
[08:31:02] There are still 3083 unannotated CDS left (started with 3083)
[08:31:02] Will use blast to search against /sw/bioinfo/prokka/1.45-5b58020/rackham/db/kingdom/Bacteria/IS with 8 CPUs
[08:31:02] Running: cat \/home\/elze3417\/genome_analysis\/results\/prokka\/annotated_genome\.IS\.tmp\.30905\.faa | parallel --gnu --plain -j 8 --block 57035 --recstart '>' --pipe blastp -query - -db /sw/bioinfo/prokka/1.45-5b58020/rackham/db/kingdom/Bacteria/IS -evalue 1e-30 -qcov_hsp_perc 90 -num_threads 1 -num_descriptions 1 -num_alignments 1 -seg no > \/home\/elze3417\/genome_analysis\/results\/prokka\/annotated_genome\.IS\.tmp\.30905\.blast 2> /dev/null
[08:32:21] Deleting unwanted file: /home/elze3417/genome_analysis/results/prokka/annotated_genome.IS.tmp.30905.faa
[08:32:21] Deleting unwanted file: /home/elze3417/genome_analysis/results/prokka/annotated_genome.IS.tmp.30905.blast
[08:32:24] There are still 2908 unannotated CDS left (started with 3083)
[08:32:24] Will use blast to search against /sw/bioinfo/prokka/1.45-5b58020/rackham/db/kingdom/Bacteria/AMR with 8 CPUs
[08:32:24] Running: cat \/home\/elze3417\/genome_analysis\/results\/prokka\/annotated_genome\.AMR\.tmp\.30905\.faa | parallel --gnu --plain -j 8 --block 53473 --recstart '>' --pipe blastp -query - -db /sw/bioinfo/prokka/1.45-5b58020/rackham/db/kingdom/Bacteria/AMR -evalue 9.99999999999999e-301 -qcov_hsp_perc 90 -num_threads 1 -num_descriptions 1 -num_alignments 1 -seg no > \/home\/elze3417\/genome_analysis\/results\/prokka\/annotated_genome\.AMR\.tmp\.30905\.blast 2> /dev/null
[08:33:17] Deleting unwanted file: /home/elze3417/genome_analysis/results/prokka/annotated_genome.AMR.tmp.30905.faa
[08:33:17] Deleting unwanted file: /home/elze3417/genome_analysis/results/prokka/annotated_genome.AMR.tmp.30905.blast
[08:33:19] There are still 2906 unannotated CDS left (started with 3083)
[08:33:19] Will use blast to search against /sw/bioinfo/prokka/1.45-5b58020/rackham/db/kingdom/Bacteria/sprot with 8 CPUs
[08:33:19] Running: cat \/home\/elze3417\/genome_analysis\/results\/prokka\/annotated_genome\.sprot\.tmp\.30905\.faa | parallel --gnu --plain -j 8 --block 53410 --recstart '>' --pipe blastp -query - -db /sw/bioinfo/prokka/1.45-5b58020/rackham/db/kingdom/Bacteria/sprot -evalue 1e-09 -qcov_hsp_perc 80 -num_threads 1 -num_descriptions 1 -num_alignments 1 -seg no > \/home\/elze3417\/genome_analysis\/results\/prokka\/annotated_genome\.sprot\.tmp\.30905\.blast 2> /dev/null
[08:38:00] Modify product: Uncharacterized ABC transporter ATP-binding protein YbiT => putative ABC transporter ATP-binding protein YbiT
[08:38:00] Modify product: Putative universal stress protein SA1532 => Putative universal stress protein
[08:38:00] Modify product: Uncharacterized AAA domain-containing protein Rv2559c => putative AAA domain-containing protein
[08:38:00] Modify product: UPF0213 protein EF_2693 => hypothetical protein
[08:38:00] Modify product: Probable transporter SCO4007 => putative transporter
[08:38:00] Modify product: Uncharacterized ABC transporter ATP-binding protein YbiT => putative ABC transporter ATP-binding protein YbiT
[08:38:00] Modify product: DegV domain-containing protein MW1315 => DegV domain-containing protein
[08:38:00] Modify product: Probable undecaprenyl-phosphate N-acetylglucosaminyl 1-phosphate transferase => putative undecaprenyl-phosphate N-acetylglucosaminyl 1-phosphate transferase
[08:38:00] Modify product: UPF0374 protein SP_1903 => hypothetical protein
[08:38:00] Modify product: Acetyltransferase SACOL1063 => Acetyltransferase
[08:38:00] Modify product: UPF0053 inner membrane protein YfjD => hypothetical protein
[08:38:00] Modify product: Uncharacterized protein YkuJ => putative protein YkuJ
[08:38:00] Modify product: Uncharacterized protein YqeH => putative protein YqeH
[08:38:00] Modify product: RNA-binding protein HI_1333 => RNA-binding protein
[08:38:00] Modify product: Probable transcriptional regulatory protein YeeN => putative transcriptional regulatory protein YeeN
[08:38:00] Modify product: Probable tautomerase SAR1376 => putative tautomerase
[08:38:00] Modify product: Uncharacterized HTH-type transcriptional regulator YbbH => putative HTH-type transcriptional regulator YbbH
[08:38:00] Modify product: Probable L-ascorbate-6-phosphate lactonase UlaG => putative L-ascorbate-6-phosphate lactonase UlaG
[08:38:00] Modify product: Deacetylase EF_0837 => Deacetylase
[08:38:00] Modify product: Uncharacterized HTH-type transcriptional regulator HI_0186 => putative HTH-type transcriptional regulator
[08:38:00] Modify product: Uncharacterized protein PA2218 => putative protein
[08:38:00] Modify product: Putative universal stress protein SA1532 => Putative universal stress protein
[08:38:00] Modify product: Calcium-transporting ATPase lmo0841 => Calcium-transporting ATPase
[08:38:00] Modify product: Putative dipeptidase SA1572 => Putative dipeptidase
[08:38:00] Modify product: 30S ribosomal protein S1 homolog => 30S ribosomal protein S1 
[08:38:00] Modify product: UPF0302 protein BA_1542/GBAA_1542/BAS1430 => hypothetical protein
[08:38:00] Modify product: Uncharacterized protein YpjD => putative protein YpjD
[08:38:00] Modify product: UPF0073 inner membrane protein YqfA => hypothetical protein
[08:38:00] Modify product: DegV domain-containing protein SP_1112 => DegV domain-containing protein
[08:38:00] Modify product: UPF0346 protein YozE => hypothetical protein
[08:38:00] Modify product: Uncharacterized protein YccU => putative protein YccU
[08:38:00] Modify product: Probable manganese-dependent inorganic pyrophosphatase => putative manganese-dependent inorganic pyrophosphatase
[08:38:00] Modify product: UPF0316 protein SA1727 => hypothetical protein
[08:38:00] Modify product: Probable HTH-type transcriptional repressor ExuR => putative HTH-type transcriptional repressor ExuR
[08:38:00] Modify product: Uncharacterized metal-dependent hydrolase YcfH => putative metal-dependent hydrolase YcfH
[08:38:00] Modify product: Uncharacterized membrane protein YuaF => putative membrane protein YuaF
[08:38:00] Modify product: UPF0223 protein BH2638 => hypothetical protein
[08:38:00] Modify product: UPF0358 protein EF_2458 => hypothetical protein
[08:38:00] Modify product: Probable peptidoglycan glycosyltransferase FtsW => putative peptidoglycan glycosyltransferase FtsW
[08:38:00] Modify product: Uncharacterized protein YlbL => putative protein YlbL
[08:38:00] Modify product: Uncharacterized protein YqeN => putative protein YqeN
[08:38:00] Modify product: Probable metallo-hydrolase M6_Spy0554 => putative metallo-hydrolase
[08:38:00] Modify product: UPF0234 protein XC_3703 => hypothetical protein
[08:38:00] Modify product: Putative universal stress protein SA1532 => Putative universal stress protein
[08:38:01] Modify product: Probable acrylyl-CoA reductase AcuI => putative acrylyl-CoA reductase AcuI
[08:38:01] Modify product: Uncharacterized sugar epimerase YhfK => putative sugar epimerase YhfK
[08:38:01] Modify product: Uncharacterized amino acid permease YvbW => putative amino acid permease YvbW
[08:38:01] Modify product: Phosphorylated carbohydrates phosphatase TM_1254 => Phosphorylated carbohydrates phosphatase
[08:38:01] Modify product: Putative lipid kinase SP_1045 => Putative lipid kinase
[08:38:01] Modify product: Uncharacterized ABC transporter ATP-binding protein YknY => putative ABC transporter ATP-binding protein YknY
[08:38:01] Modify product: UPF0051 protein SA0778 => hypothetical protein
[08:38:01] Modify product: UPF0051 protein SA0778 => hypothetical protein
[08:38:01] Modify product: Probable ABC transporter ATP-binding protein M6_Spy0273 => putative ABC transporter ATP-binding protein
[08:38:01] Modify product: UPF0324 inner membrane protein YeiH => hypothetical protein
[08:38:01] Modify product: Prophage bactoprenol glucosyl transferase homolog => Prophage bactoprenol glucosyl transferase 
[08:38:01] Modify product: TelA-like protein SA1238 => TelA-like protein
[08:38:01] Modify product: Uncharacterized amino acid permease YhdG => putative amino acid permease YhdG
[08:38:01] Modify product: Probable glucose uptake protein GlcU => putative glucose uptake protein GlcU
[08:38:01] Modify product: Probable arabinose-binding protein => putative arabinose-binding protein
[08:38:01] Modify product: Probable manganese catalase => putative manganese catalase
[08:38:01] Modify product: Probable pyridine nucleotide-disulfide oxidoreductase RclA => putative pyridine nucleotide-disulfide oxidoreductase RclA
[08:38:01] Modify product: Probable transport protein YifK => putative transport protein YifK
[08:38:01] Modify product: UPF0702 transmembrane protein YetF => hypothetical protein
[08:38:01] Modify product: Probable N-acetyl-LL-diaminopimelate aminotransferase => putative N-acetyl-LL-diaminopimelate aminotransferase
[08:38:01] Modify product: Glutathione peroxidase homolog BsaA => Glutathione peroxidase BsaA
[08:38:01] Modify product: Uncharacterized ABC transporter ATP-binding protein Rv0986 => putative ABC transporter ATP-binding protein
[08:38:01] Modify product: Uncharacterized membrane protein YdfK => putative membrane protein YdfK
[08:38:01] Modify product: Probable UbiX-like flavin prenyltransferase => putative UbiX-like flavin prenyltransferase
[08:38:01] Modify product: Probable glutamate/gamma-aminobutyrate antiporter => putative glutamate/gamma-aminobutyrate antiporter
[08:38:01] Modify product: Multidrug efflux system ATP-binding protein Rv1218c => Multidrug efflux system ATP-binding protein
[08:38:01] Modify product: Multidrug efflux system permease protein Rv1217c => Multidrug efflux system permease protein
[08:38:01] Modify product: UPF0145 protein YbjQ => hypothetical protein
[08:38:01] Modify product: Uncharacterized oxidoreductase SpyM50865 => putative oxidoreductase
[08:38:01] Modify product: Putative universal stress protein SA1532 => Putative universal stress protein
[08:38:01] Modify product: Putative acetyltransferase SA2342 => Putative acetyltransferase
[08:38:01] Modify product: Uncharacterized oxidoreductase SA2266 => putative oxidoreductase
[08:38:01] Modify product: Uncharacterized PIN and TRAM-domain containing protein YacL => putative PIN and TRAM-domain containing protein YacL
[08:38:01] Modify product: UPF0701 protein YicC => hypothetical protein
[08:38:01] Modify product: Probable transcriptional regulatory protein HI_0315 => putative transcriptional regulatory protein
[08:38:01] Modify product: Uncharacterized ABC transporter ATP-binding protein Rv1273c => putative ABC transporter ATP-binding protein
[08:38:01] Modify product: Uncharacterized ABC transporter ATP-binding protein TM_0288 => putative ABC transporter ATP-binding protein
[08:38:01] Modify product: Uncharacterized ABC transporter ATP-binding protein TM_0288 => putative ABC transporter ATP-binding protein
[08:38:01] Modify product: Uncharacterized ABC transporter ATP-binding protein Rv1273c => putative ABC transporter ATP-binding protein
[08:38:01] Modify product: Probable licABCH operon regulator => putative licABCH operon regulator
[08:38:01] Modify product: Uncharacterized multiple-sugar transport system permease YteP => putative multiple-sugar transport system permease YteP
[08:38:01] Modify product: UPF0342 protein SA1663 => hypothetical protein
[08:38:01] Modify product: Putative multidrug export ATP-binding/permease protein SAV1866 => Putative multidrug export ATP-binding/permease protein
[08:38:01] Modify product: Probable HTH-type transcriptional repressor ExuR => putative HTH-type transcriptional repressor ExuR
[08:38:01] Modify product: Uncharacterized multiple-sugar transport system permease YteP => putative multiple-sugar transport system permease YteP
[08:38:01] Modify product: Uncharacterized symporter YjmB => putative symporter YjmB
[08:38:01] Modify product: Zinc-type alcohol dehydrogenase-like protein SA1988 => Zinc-type alcohol dehydrogenase-like protein
[08:38:01] Modify product: Probable protein kinase UbiB => putative protein kinase UbiB
[08:38:01] Modify product: UPF0178 protein YaiI => hypothetical protein
[08:38:01] Modify product: Potassium channel HX13_20290 => Potassium channel
[08:38:01] Modify product: Uncharacterized protein YueI => putative protein YueI
[08:38:01] Modify product: Uncharacterized protein SA1069 => putative protein
[08:38:01] Modify product: Uncharacterized protein Spy1614 => putative protein
[08:38:01] Modify product: Potassium channel HX13_20290 => Potassium channel
[08:38:01] Modify product: Uncharacterized ABC transporter ATP-binding protein YbiT => putative ABC transporter ATP-binding protein YbiT
[08:38:01] Modify product: DegV domain-containing protein MW1315 => DegV domain-containing protein
[08:38:01] Modify product: 23S rRNA 5-hydroxycytidine C2501 synthase => 23S rRNA 5-hydroxycytidine synthase
[08:38:01] Modify product: Uncharacterized ABC transporter ATP-binding protein YadG => putative ABC transporter ATP-binding protein YadG
[08:38:01] Modify product: Probable tRNA-dihydrouridine synthase => putative tRNA-dihydrouridine synthase
[08:38:01] Modify product: Zinc-type alcohol dehydrogenase-like protein SA1988 => Zinc-type alcohol dehydrogenase-like protein
[08:38:02] Modify product: Probable ribosomal protein YlxQ => putative ribosomal protein YlxQ
[08:38:02] Modify product: Uncharacterized protein YibN => putative protein YibN
[08:38:02] Modify product: Uncharacterized protein YqgQ => putative protein YqgQ
[08:38:02] Modify product: Uncharacterized protein YqgN => putative protein YqgN
[08:38:02] Modify product: Probable siderophore-binding lipoprotein YfiY => putative siderophore-binding lipoprotein YfiY
[08:38:02] Modify product: Uncharacterized protein YjcQ => putative protein YjcQ
[08:38:02] Modify product: Putative phosphatase M6_Spy0533 => Putative phosphatase
[08:38:02] Modify product: Probable peptidoglycan glycosyltransferase FtsW => putative peptidoglycan glycosyltransferase FtsW
[08:38:02] Modify product: Stress response regulator gls24 homolog => Stress response regulator gls24 
[08:38:02] Modify product: Uncharacterized oxidoreductase YghA => putative oxidoreductase YghA
[08:38:02] Modify product: Probable licABCH operon regulator => putative licABCH operon regulator
[08:38:02] Modify product: GTP cyclohydrolase 1 type 2 homolog => GTP cyclohydrolase 1 type 2 
[08:38:02] Modify product: UPF0176 protein SP_0095 => hypothetical protein
[08:38:02] Modify product: Uncharacterized RNA methyltransferase SP_1029 => putative RNA methyltransferase
[08:38:02] Modify product: Probable GTP-binding protein EngB => putative GTP-binding protein EngB
[08:38:02] Modify product: Probable cell division protein WhiA => putative cell division protein WhiA
[08:38:02] Modify product: Uncharacterized protease YdeA => putative protease YdeA
[08:38:02] Modify product: Probable glutamine ABC transporter permease protein GlnM => putative glutamine ABC transporter permease protein GlnM
[08:38:02] Modify product: Probable glutamine ABC transporter permease protein GlnP => putative glutamine ABC transporter permease protein GlnP
[08:38:02] Modify product: Uncharacterized MscS family protein YkuT => putative MscS family protein YkuT
[08:38:02] Modify product: UPF0291 protein SP_1473 => hypothetical protein
[08:38:02] Modify product: UPF0398 protein YpsA => hypothetical protein
[08:38:02] Modify product: Uncharacterized protein YedJ => putative protein YedJ
[08:38:02] Modify product: Uncharacterized epimerase/dehydratase SA0511 => putative epimerase/dehydratase
[08:38:02] Modify product: Acetyltransferase SACOL1063 => Acetyltransferase
[08:38:02] Modify product: Rqc2 homolog RqcH => Rqc2 RqcH
[08:38:02] Modify product: Uncharacterized oxidoreductase YhhX => putative oxidoreductase YhhX
[08:38:02] Modify product: Uncharacterized HTH-type transcriptional regulator YbbH => putative HTH-type transcriptional regulator YbbH
[08:38:02] Modify product: Uncharacterized ABC transporter permease Rv0072 => putative ABC transporter permease
[08:38:02] Modify product: UPF0340 protein YwlG => hypothetical protein
[08:38:02] Modify product: UPF0371 protein DIP2346 => hypothetical protein
[08:38:02] Modify product: Probable ABC transporter extracellular-binding protein YckB => putative ABC transporter extracellular-binding protein YckB
[08:38:02] Modify product: Uncharacterized protein Rv1339 => putative protein
[08:38:02] Modify product: Nucleoid-associated protein SP_1102 => Nucleoid-associated protein
[08:38:02] Modify product: Uncharacterized HTH-type transcriptional regulator YdjF => putative HTH-type transcriptional regulator YdjF
[08:38:02] Modify product: Probable phosphotransferase enzyme IIB component M6_Spy0801 => putative phosphotransferase enzyme IIB component
[08:38:02] Modify product: Probable acrylyl-CoA reductase AcuI => putative acrylyl-CoA reductase AcuI
[08:38:02] Modify product: Uncharacterized sugar epimerase YhfK => putative sugar epimerase YhfK
[08:38:02] Modify product: UPF0109 protein Rv2908c => hypothetical protein
[08:38:02] Modify product: UPF0122 protein SP_1288 => hypothetical protein
[08:38:02] Modify product: Probable copper-importing P-type ATPase A => putative copper-importing P-type ATPase A
[08:38:02] Modify product: Uncharacterized sugar transferase EpsL => putative sugar transferase EpsL
[08:38:02] Modify product: Probable capsular polysaccharide biosynthesis protein YwqC => putative capsular polysaccharide biosynthesis protein YwqC
[08:38:02] Modify product: Uncharacterized protein YqeY => putative protein YqeY
[08:38:02] Modify product: Probable 6-phospho-beta-glucosidase => putative 6-phospho-beta-glucosidase
[08:38:02] Modify product: Probable multidrug resistance ABC transporter ATP-binding/permease protein YheH => putative multidrug resistance ABC transporter ATP-binding/permease protein YheH
[08:38:02] Modify product: Probable multidrug resistance ABC transporter ATP-binding/permease protein YheI => putative multidrug resistance ABC transporter ATP-binding/permease protein YheI
[08:38:02] Modify product: UPF0154 protein SA1178 => hypothetical protein
[08:38:02] Modify product: Probable endonuclease 4 => putative endonuclease 4
[08:38:02] Modify product: Phosphate-specific transport system accessory protein PhoU homolog => Phosphate-specific transport system accessory protein PhoU 
[08:38:02] Modify product: Uncharacterized N-acetyltransferase YvbK => putative N-acetyltransferase YvbK
[08:38:02] Modify product: Probable protein-export membrane protein SecG => putative protein-export membrane protein SecG
[08:38:02] Modify product: Uncharacterized protein YjdJ => putative protein YjdJ
[08:38:02] Modify product: Probable succinyl-diaminopimelate desuccinylase => putative succinyl-diaminopimelate desuccinylase
[08:38:02] Modify product: Probable DNA-directed RNA polymerase subunit delta => putative DNA-directed RNA polymerase subunit delta
[08:38:02] Modify product: Uncharacterized isomerase YddE => putative isomerase YddE
[08:38:02] Modify product: Uncharacterized protein YhaP => putative protein YhaP
[08:38:02] Modify product: Uncharacterized ABC transporter permease Rv0072 => putative ABC transporter permease
[08:38:03] Modify product: UPF0473 protein SP_0194 => hypothetical protein
[08:38:03] Modify product: UPF0297 protein EF_1202 => hypothetical protein
[08:38:03] Modify product: Uncharacterized ABC transporter ATP-binding protein YheS => putative ABC transporter ATP-binding protein YheS
[08:38:03] Modify product: Probable arabinose-binding protein => putative arabinose-binding protein
[08:38:03] Modify product: Uncharacterized ABC transporter ATP-binding protein TM_0288 => putative ABC transporter ATP-binding protein
[08:38:03] Modify product: Uncharacterized ABC transporter ATP-binding protein Rv1273c => putative ABC transporter ATP-binding protein
[08:38:03] Modify product: UPF0356 protein M6_Spy1605 => hypothetical protein
[08:38:03] Modify product: UPF0758 protein SP_1088 => hypothetical protein
[08:38:03] Modify product: Phosphorylated carbohydrates phosphatase TM_1254 => Phosphorylated carbohydrates phosphatase
[08:38:03] Modify product: Probable tRNA sulfurtransferase => putative tRNA sulfurtransferase
[08:38:03] Modify product: Probable ketoamine kinase HMPREF0351_12196 => putative ketoamine kinase
[08:38:03] Modify product: Uncharacterized protein YpjQ => putative protein YpjQ
[08:38:03] Modify product: Probable bifunctional oligoribonuclease and PAP phosphatase NrnA => putative bifunctional oligoribonuclease and PAP phosphatase NrnA
[08:38:03] Modify product: UPF0173 metal-dependent hydrolase SA1529 => hypothetical protein
[08:38:03] Modify product: UPF0309 protein BH3325 => hypothetical protein
[08:38:03] Modify product: Probable phosphotransferase enzyme IIB component M6_Spy0801 => putative phosphotransferase enzyme IIB component
[08:38:03] Modify product: Uncharacterized ABC transporter ATP-binding protein Rv1273c => putative ABC transporter ATP-binding protein
[08:38:03] Modify product: Uncharacterized ABC transporter ATP-binding protein TM_0288 => putative ABC transporter ATP-binding protein
[08:38:03] Modify product: Uncharacterized multiple-sugar transport system permease YteP => putative multiple-sugar transport system permease YteP
[08:38:03] Modify product: Uncharacterized response regulatory protein SACOL0201 => putative response regulatory protein
[08:38:03] Modify product: Uncharacterized ABC transporter ATP-binding protein Rv0986 => putative ABC transporter ATP-binding protein
[08:38:03] Modify product: Probable phosphotransferase enzyme IIB component M6_Spy0801 => putative phosphotransferase enzyme IIB component
[08:38:03] Modify product: Uncharacterized HTH-type transcriptional regulator YurK => putative HTH-type transcriptional regulator YurK
[08:38:03] Modify product: Probable dual-specificity RNA methyltransferase RlmN => putative dual-specificity RNA methyltransferase RlmN
[08:38:03] Modify product: Probable mannose-6-phosphate isomerase GmuF => putative mannose-6-phosphate isomerase GmuF
[08:38:03] Modify product: Uncharacterized ABC transporter ATP-binding protein Rv1273c => putative ABC transporter ATP-binding protein
[08:38:03] Modify product: Probable ATP-dependent RNA helicase YfmL => putative ATP-dependent RNA helicase YfmL
[08:38:03] Modify product: Bifunctional protein FolD => Bifunctional protein FolD protein
[08:38:03] Modify product: Uncharacterized protein Spy1535 => putative protein
[08:38:03] Cleaned 191 /product names
[08:38:03] Deleting unwanted file: /home/elze3417/genome_analysis/results/prokka/annotated_genome.sprot.tmp.30905.faa
[08:38:03] Deleting unwanted file: /home/elze3417/genome_analysis/results/prokka/annotated_genome.sprot.tmp.30905.blast
[08:38:04] There are still 1412 unannotated CDS left (started with 3083)
[08:38:04] Will use hmmer3 to search against /sw/bioinfo/prokka/1.45-5b58020/rackham/db/hmm/HAMAP.hmm with 8 CPUs
[08:38:04] Running: cat \/home\/elze3417\/genome_analysis\/results\/prokka\/annotated_genome\.HAMAP\.hmm\.tmp\.30905\.faa | parallel --gnu --plain -j 8 --block 21854 --recstart '>' --pipe hmmscan --noali --notextw --acc -E 1e-09 --cpu 1 /sw/bioinfo/prokka/1.45-5b58020/rackham/db/hmm/HAMAP.hmm /dev/stdin > \/home\/elze3417\/genome_analysis\/results\/prokka\/annotated_genome\.HAMAP\.hmm\.tmp\.30905\.hmmer3 2> /dev/null
[08:40:05] Modify product: Uncharacterized MFS-type transporter YfcJ => putative MFS-type transporter YfcJ
[08:40:05] Modify product: Protein SprT-like => Protein SprT-like protein
[08:40:06] Cleaned 2 /product names
[08:40:06] Deleting unwanted file: /home/elze3417/genome_analysis/results/prokka/annotated_genome.HAMAP.hmm.tmp.30905.faa
[08:40:06] Deleting unwanted file: /home/elze3417/genome_analysis/results/prokka/annotated_genome.HAMAP.hmm.tmp.30905.hmmer3
[08:40:06] Labelling remaining 1287 proteins as 'hypothetical protein'
[08:40:06] Possible /pseudo 'Coenzyme A biosynthesis bifunctional protein CoaBC' at tig00000001_pilon position 4724
[08:40:06] Possible /pseudo 'Regulatory protein Spx' at tig00000001_pilon position 225226
[08:40:06] Possible /pseudo 'Na(+)/H(+) antiporter NhaC' at tig00000001_pilon position 287128
[08:40:06] Possible /pseudo 'IS256 family transposase ISEf1' at tig00000001_pilon position 365807
[08:40:06] Possible /pseudo 'IS3 family transposase IS1485' at tig00000001_pilon position 375273
[08:40:06] Possible /pseudo 'Calcium-transporting ATPase 1' at tig00000001_pilon position 422149
[08:40:06] Possible /pseudo 'putative protein' at tig00000001_pilon position 535139
[08:40:06] Possible /pseudo 'Putative NAD(P)H nitroreductase YodC' at tig00000001_pilon position 791329
[08:40:06] Possible /pseudo 'Multidrug efflux protein YfmO' at tig00000001_pilon position 794993
[08:40:06] Possible /pseudo 'putative ABC transporter ATP-binding protein' at tig00000001_pilon position 890656
[08:40:06] Possible /pseudo 'putative ABC transporter ATP-binding protein' at tig00000001_pilon position 904118
[08:40:06] Possible /pseudo 'IS30 family transposase IS1252' at tig00000001_pilon position 1082208
[08:40:06] Possible /pseudo 'IS3 family transposase ISEfa8' at tig00000001_pilon position 1135719
[08:40:06] Possible /pseudo 'Undecaprenyl-phosphate 4-deoxy-4-formamido-L-arabinose transferase' at tig00000001_pilon position 1168085
[08:40:06] Possible /pseudo 'Sensor histidine kinase DcuS' at tig00000001_pilon position 1439713
[08:40:06] Possible /pseudo 'Di-/tripeptide transporter' at tig00000001_pilon position 1529602
[08:40:06] Possible /pseudo 'Dihydroorotate dehydrogenase B (NAD(+)), electron transfer subunit' at tig00000001_pilon position 1620327
[08:40:06] Possible /pseudo 'General stress protein A' at tig00000001_pilon position 1746538
[08:40:06] Possible /pseudo 'Na(+), Li(+), K(+)/H(+) antiporter subunit B' at tig00000001_pilon position 1825963
[08:40:06] Possible /pseudo 'Xylulose-5-phosphate phosphoketolase' at tig00000001_pilon position 1921475
[08:40:06] Possible /pseudo 'Phosphonoacetaldehyde hydrolase' at tig00000001_pilon position 1943899
[08:40:06] Possible /pseudo 'IS256 family transposase ISEf1' at tig00000001_pilon position 2046030
[08:40:06] Possible /pseudo 'IS3 family transposase ISEfa8' at tig00000001_pilon position 2088462
[08:40:06] Possible /pseudo 'Phosphate import ATP-binding protein PstB 3' at tig00000001_pilon position 2272712
[08:40:06] Possible /pseudo 'putative ABC transporter ATP-binding protein' at tig00000001_pilon position 2420816
[08:40:06] Possible /pseudo 'IS3 family transposase IS1485' at tig00000001_pilon position 2446666
[08:40:06] Possible /pseudo 'putative ABC transporter ATP-binding protein' at tig00000001_pilon position 2498289
[08:40:06] Possible /pseudo 'IS3 family transposase ISEfa8' at tig00000001_pilon position 2605964
[08:40:06] Possible /pseudo 'PTS system mannose-specific EIIAB component' at tig00000001_pilon position 2690229
[08:40:06] Possible /pseudo 'PTS system fructose-specific EIIABC component' at tig00000001_pilon position 2735326
[08:40:06] Possible /pseudo 'Coenzyme A biosynthesis bifunctional protein CoaBC' at tig00000001_pilon position 2769732
[08:40:06] Possible /pseudo 'ISL3 family transposase IS1251' at tig00000003_pilon position 20042
[08:40:06] Possible /pseudo 'ISL3 family transposase IS1251' at tig00000003_pilon position 20506
[08:40:06] Possible /pseudo 'ISL3 family transposase ISEfa5' at tig00000003_pilon position 22517
[08:40:06] Possible /pseudo 'ISL3 family transposase ISEfa5' at tig00000003_pilon position 23957
[08:40:06] Possible /pseudo 'IS3 family transposase ISEfa10' at tig00000003_pilon position 98009
[08:40:06] Possible /pseudo 'IS3 family transposase IS1485' at tig00000003_pilon position 133912
[08:40:06] Possible /pseudo 'IS256 family transposase ISBsu2' at tig00000003_pilon position 137105
[08:40:06] Possible /pseudo 'IS3 family transposase ISEfa8' at tig00000003_pilon position 182215
[08:40:06] Possible /pseudo 'IS3 family transposase ISEfa8' at tig00000003_pilon position 184831
[08:40:06] Possible /pseudo 'IS6 family transposase IS1216V' at tig00000003_pilon position 221987
[08:40:06] Possible /pseudo 'Transcriptional regulatory protein DagR' at tig00000003_pilon position 226942
[08:40:06] Possible /pseudo 'Fructosamine deglycase FrlB' at tig00000003_pilon position 228079
[08:40:06] Possible /pseudo 'PTS system mannose-specific EIID component' at tig00000003_pilon position 229201
[08:40:06] Possible /pseudo 'DNA polymerase IV' at tig00000007_pilon position 2041
[08:40:06] Possible /pseudo 'IS110 family transposase ISSpn10' at tig00000011_pilon position 7593
[08:40:06] Found 1181 unique /gene codes.
[08:40:06] Fixed 3 duplicate /gene - ssb_1 ssb_2 ssb_3
[08:40:06] Fixed 4 duplicate /gene - topB_1 topB_2 topB_3 topB_4
[08:40:06] Fixed 2 duplicate /gene - mro_1 mro_2
[08:40:06] Fixed 2 duplicate /gene - yxdL_1 yxdL_2
[08:40:06] Fixed 2 duplicate /gene - yfmO_1 yfmO_2
[08:40:06] Fixed 3 duplicate /gene - gatC_1 gatC_2 gatC_3
[08:40:06] Fixed 2 duplicate /gene - ccpA_1 ccpA_2
[08:40:06] Fixed 2 duplicate /gene - rluB_1 rluB_2
[08:40:06] Fixed 2 duplicate /gene - pnp_1 pnp_2
[08:40:06] Fixed 2 duplicate /gene - gtaB_1 gtaB_2
[08:40:06] Fixed 2 duplicate /gene - lacR_1 lacR_2
[08:40:06] Fixed 2 duplicate /gene - msrA_1 msrA_2
[08:40:06] Fixed 7 duplicate /gene - araQ_1 araQ_2 araQ_3 araQ_4 araQ_5 araQ_6 araQ_7
[08:40:06] Fixed 3 duplicate /gene - xylB_1 xylB_2 xylB_3
[08:40:06] Fixed 2 duplicate /gene - gmuD_1 gmuD_2
[08:40:06] Fixed 2 duplicate /gene - potA_1 potA_2
[08:40:06] Fixed 2 duplicate /gene - gatA_1 gatA_2
[08:40:06] Fixed 5 duplicate /gene - spxA_1 spxA_2 spxA_3 spxA_4 spxA_5
[08:40:06] Fixed 2 duplicate /gene - dagK_1 dagK_2
[08:40:06] Fixed 2 duplicate /gene - oppF_1 oppF_2
[08:40:06] Fixed 2 duplicate /gene - mntB_1 mntB_2
[08:40:06] Fixed 2 duplicate /gene - mtlF_1 mtlF_2
[08:40:06] Fixed 2 duplicate /gene - xpkA_1 xpkA_2
[08:40:06] Fixed 2 duplicate /gene - iscS_1 iscS_2
[08:40:06] Fixed 2 duplicate /gene - yhfK_1 yhfK_2
[08:40:06] Fixed 2 duplicate /gene - clsA_1 clsA_2
[08:40:06] Fixed 2 duplicate /gene - purR_1 purR_2
[08:40:06] Fixed 3 duplicate /gene - dinB_1 dinB_2 dinB_3
[08:40:06] Fixed 2 duplicate /gene - ptcB_1 ptcB_2
[08:40:06] Fixed 2 duplicate /gene - pbpX_1 pbpX_2
[08:40:06] Fixed 2 duplicate /gene - pstS1_1 pstS1_2
[08:40:06] Fixed 2 duplicate /gene - rpmGA_1 rpmGA_2
[08:40:06] Fixed 2 duplicate /gene - pyrK_1 pyrK_2
[08:40:06] Fixed 6 duplicate /gene - rhaR_1 rhaR_2 rhaR_3 rhaR_4 rhaR_5 rhaR_6
[08:40:06] Fixed 4 duplicate /gene - sasA_1 sasA_2 sasA_3 sasA_4
[08:40:06] Fixed 2 duplicate /gene - rspR_1 rspR_2
[08:40:06] Fixed 5 duplicate /gene - bglF_1 bglF_2 bglF_3 bglF_4 bglF_5
[08:40:06] Fixed 2 duplicate /gene - nagR_1 nagR_2
[08:40:06] Fixed 2 duplicate /gene - ohrB_1 ohrB_2
[08:40:06] Fixed 2 duplicate /gene - yodC_1 yodC_2
[08:40:06] Fixed 2 duplicate /gene - vanX_1 vanX_2
[08:40:06] Fixed 2 duplicate /gene - iolU_1 iolU_2
[08:40:06] Fixed 13 duplicate /gene - xerC_1 xerC_2 xerC_3 xerC_4 xerC_5 xerC_6 xerC_7 xerC_8 xerC_9 xerC_10 xerC_11 xerC_12 xerC_13
[08:40:06] Fixed 3 duplicate /gene - menH_1 menH_2 menH_3
[08:40:06] Fixed 2 duplicate /gene - npr_1 npr_2
[08:40:06] Fixed 2 duplicate /gene - ldh_1 ldh_2
[08:40:06] Fixed 2 duplicate /gene - ponA_1 ponA_2
[08:40:06] Fixed 2 duplicate /gene - bceB_1 bceB_2
[08:40:06] Fixed 2 duplicate /gene - srrA_1 srrA_2
[08:40:06] Fixed 2 duplicate /gene - ywpJ_1 ywpJ_2
[08:40:06] Fixed 5 duplicate /gene - fruA_1 fruA_2 fruA_3 fruA_4 fruA_5
[08:40:06] Fixed 2 duplicate /gene - mutS_1 mutS_2
[08:40:06] Fixed 2 duplicate /gene - mutS2_1 mutS2_2
[08:40:06] Fixed 2 duplicate /gene - bcrA_1 bcrA_2
[08:40:06] Fixed 2 duplicate /gene - natA_1 natA_2
[08:40:06] Fixed 2 duplicate /gene - ntpJ_1 ntpJ_2
[08:40:06] Fixed 2 duplicate /gene - yfnB_1 yfnB_2
[08:40:06] Fixed 2 duplicate /gene - aes_1 aes_2
[08:40:06] Fixed 2 duplicate /gene - umpB_1 umpB_2
[08:40:06] Fixed 2 duplicate /gene - steT_1 steT_2
[08:40:06] Fixed 2 duplicate /gene - dinG_1 dinG_2
[08:40:06] Fixed 3 duplicate /gene - smc_1 smc_2 smc_3
[08:40:06] Fixed 2 duplicate /gene - wbgU_1 wbgU_2
[08:40:06] Fixed 2 duplicate /gene - pglH_1 pglH_2
[08:40:06] Fixed 7 duplicate /gene - manX_1 manX_2 manX_3 manX_4 manX_5 manX_6 manX_7
[08:40:06] Fixed 4 duplicate /gene - sorA_1 sorA_2 sorA_3 sorA_4
[08:40:06] Fixed 2 duplicate /gene - walK_1 walK_2
[08:40:06] Fixed 2 duplicate /gene - rcsC_1 rcsC_2
[08:40:06] Fixed 2 duplicate /gene - fabZ_1 fabZ_2
[08:40:06] Fixed 2 duplicate /gene - rex_1 rex_2
[08:40:06] Fixed 2 duplicate /gene - galK_1 galK_2
[08:40:06] Fixed 2 duplicate /gene - murR_1 murR_2
[08:40:06] Fixed 2 duplicate /gene - COQ5_1 COQ5_2
[08:40:06] Fixed 2 duplicate /gene - nox_1 nox_2
[08:40:06] Fixed 2 duplicate /gene - gltC_1 gltC_2
[08:40:06] Fixed 2 duplicate /gene - lacC_1 lacC_2
[08:40:06] Fixed 2 duplicate /gene - scaC_1 scaC_2
[08:40:06] Fixed 2 duplicate /gene - opuCA_1 opuCA_2
[08:40:06] Fixed 2 duplicate /gene - murA1_1 murA1_2
[08:40:06] Fixed 2 duplicate /gene - malL_1 malL_2
[08:40:06] Fixed 2 duplicate /gene - ligA_1 ligA_2
[08:40:06] Fixed 2 duplicate /gene - lacE_1 lacE_2
[08:40:06] Fixed 2 duplicate /gene - abfA_1 abfA_2
[08:40:06] Fixed 2 duplicate /gene - folA_1 folA_2
[08:40:06] Fixed 2 duplicate /gene - gap_1 gap_2
[08:40:06] Fixed 2 duplicate /gene - guaA_1 guaA_2
[08:40:06] Fixed 3 duplicate /gene - cbh_1 cbh_2 cbh_3
[08:40:06] Fixed 3 duplicate /gene - lacG_1 lacG_2 lacG_3
[08:40:06] Fixed 2 duplicate /gene - treP_1 treP_2
[08:40:06] Fixed 3 duplicate /gene - ptsG_1 ptsG_2 ptsG_3
[08:40:06] Fixed 2 duplicate /gene - clpP_1 clpP_2
[08:40:06] Fixed 2 duplicate /gene - arcD1_1 arcD1_2
[08:40:06] Fixed 2 duplicate /gene - tadA_1 tadA_2
[08:40:06] Fixed 3 duplicate /gene - bglH_1 bglH_2 bglH_3
[08:40:06] Fixed 2 duplicate /gene - queT_1 queT_2
[08:40:06] Fixed 2 duplicate /gene - mltF_1 mltF_2
[08:40:06] Fixed 2 duplicate /gene - melR_1 melR_2
[08:40:06] Fixed 2 duplicate /gene - gph_1 gph_2
[08:40:06] Fixed 2 duplicate /gene - def_1 def_2
[08:40:06] Fixed 2 duplicate /gene - pepF1_1 pepF1_2
[08:40:06] Fixed 2 duplicate /gene - arlR_1 arlR_2
[08:40:06] Fixed 3 duplicate /gene - hdfR_1 hdfR_2 hdfR_3
[08:40:06] Fixed 5 duplicate /gene - btuD_1 btuD_2 btuD_3 btuD_4 btuD_5
[08:40:06] Fixed 10 duplicate /gene - manZ_1 manZ_2 manZ_3 manZ_4 manZ_5 manZ_6 manZ_7 manZ_8 manZ_9 manZ_10
[08:40:06] Fixed 3 duplicate /gene - manR_1 manR_2 manR_3
[08:40:06] Fixed 2 duplicate /gene - sbnD_1 sbnD_2
[08:40:06] Fixed 3 duplicate /gene - panT_1 panT_2 panT_3
[08:40:06] Fixed 2 duplicate /gene - ybaK_1 ybaK_2
[08:40:06] Fixed 2 duplicate /gene - cdr_1 cdr_2
[08:40:06] Fixed 3 duplicate /gene - gpmA_1 gpmA_2 gpmA_3
[08:40:06] Fixed 2 duplicate /gene - eis_1 eis_2
[08:40:06] Fixed 2 duplicate /gene - atpE_1 atpE_2
[08:40:06] Fixed 2 duplicate /gene - metQ_1 metQ_2
[08:40:06] Fixed 3 duplicate /gene - rhaS_1 rhaS_2 rhaS_3
[08:40:06] Fixed 2 duplicate /gene - ltaS1_1 ltaS1_2
[08:40:06] Fixed 5 duplicate /gene - soj_1 soj_2 soj_3 soj_4 soj_5
[08:40:06] Fixed 2 duplicate /gene - gmuC_1 gmuC_2
[08:40:06] Fixed 2 duplicate /gene - glnQ_1 glnQ_2
[08:40:06] Fixed 2 duplicate /gene - uxuA_1 uxuA_2
[08:40:06] Fixed 2 duplicate /gene - licR_1 licR_2
[08:40:06] Fixed 2 duplicate /gene - gadC_1 gadC_2
[08:40:06] Fixed 3 duplicate /gene - licC_1 licC_2 licC_3
[08:40:06] Fixed 2 duplicate /gene - recQ_1 recQ_2
[08:40:06] Fixed 4 duplicate /gene - licT_1 licT_2 licT_3 licT_4
[08:40:06] Fixed 2 duplicate /gene - ftsW_1 ftsW_2
[08:40:06] Fixed 2 duplicate /gene - brnQ_1 brnQ_2
[08:40:06] Fixed 2 duplicate /gene - norR_1 norR_2
[08:40:06] Fixed 2 duplicate /gene - yvdM_1 yvdM_2
[08:40:06] Fixed 8 duplicate /gene - dgaR_1 dgaR_2 dgaR_3 dgaR_4 dgaR_5 dgaR_6 dgaR_7 dgaR_8
[08:40:06] Fixed 2 duplicate /gene - nanE_1 nanE_2
[08:40:06] Fixed 2 duplicate /gene - phoR_1 phoR_2
[08:40:06] Fixed 2 duplicate /gene - ecfA2_1 ecfA2_2
[08:40:06] Fixed 3 duplicate /gene - yteP_1 yteP_2 yteP_3
[08:40:06] Fixed 2 duplicate /gene - phnX_1 phnX_2
[08:40:06] Fixed 3 duplicate /gene - prsA_1 prsA_2 prsA_3
[08:40:06] Fixed 3 duplicate /gene - argR_1 argR_2 argR_3
[08:40:06] Fixed 2 duplicate /gene - tuf_1 tuf_2
[08:40:06] Fixed 2 duplicate /gene - ssaB_1 ssaB_2
[08:40:06] Fixed 2 duplicate /gene - rpe_1 rpe_2
[08:40:06] Fixed 3 duplicate /gene - nhaC_1 nhaC_2 nhaC_3
[08:40:06] Fixed 3 duplicate /gene - tagU_1 tagU_2 tagU_3
[08:40:06] Fixed 2 duplicate /gene - cspLA_1 cspLA_2
[08:40:06] Fixed 2 duplicate /gene - sorB_1 sorB_2
[08:40:06] Fixed 5 duplicate /gene - gmuE_1 gmuE_2 gmuE_3 gmuE_4 gmuE_5
[08:40:06] Fixed 3 duplicate /gene - murJ_1 murJ_2 murJ_3
[08:40:06] Fixed 2 duplicate /gene - uvrC_1 uvrC_2
[08:40:06] Fixed 4 duplicate /gene - coaBC_1 coaBC_2 coaBC_3 coaBC_4
[08:40:06] Fixed 5 duplicate /gene - frlB_1 frlB_2 frlB_3 frlB_4 frlB_5
[08:40:06] Fixed 5 duplicate /gene - lacF_1 lacF_2 lacF_3 lacF_4 lacF_5
[08:40:06] Fixed 2 duplicate /gene - rpmF_1 rpmF_2
[08:40:06] Fixed 2 duplicate /gene - araR_1 araR_2
[08:40:06] Fixed 2 duplicate /gene - ybbH_1 ybbH_2
[08:40:06] Fixed 2 duplicate /gene - ribZ_1 ribZ_2
[08:40:06] Fixed 2 duplicate /gene - dapH_1 dapH_2
[08:40:06] Fixed 2 duplicate /gene - polC_1 polC_2
[08:40:06] Fixed 3 duplicate /gene - agaA_1 agaA_2 agaA_3
[08:40:06] Fixed 2 duplicate /gene - ghrB_1 ghrB_2
[08:40:06] Fixed 2 duplicate /gene - fabG_1 fabG_2
[08:40:06] Fixed 2 duplicate /gene - ugl_1 ugl_2
[08:40:06] Fixed 2 duplicate /gene - potB_1 potB_2
[08:40:06] Fixed 2 duplicate /gene - acuI_1 acuI_2
[08:40:06] Fixed 2 duplicate /gene - bceA_1 bceA_2
[08:40:06] Fixed 2 duplicate /gene - dcuS_1 dcuS_2
[08:40:06] Fixed 3 duplicate /gene - arnC_1 arnC_2 arnC_3
[08:40:06] Fixed 2 duplicate /gene - gmk_1 gmk_2
[08:40:06] Fixed 3 duplicate /gene - yidA_1 yidA_2 yidA_3
[08:40:06] Fixed 2 duplicate /gene - folT_1 folT_2
[08:40:06] Fixed 2 duplicate /gene - araN_1 araN_2
[08:40:06] Fixed 2 duplicate /gene - ulaA_1 ulaA_2
[08:40:06] Fixed 2 duplicate /gene - mprF_1 mprF_2
[08:40:06] Fixed 2 duplicate /gene - ygaZ_1 ygaZ_2
[08:40:06] Fixed 2 duplicate /gene - yecS_1 yecS_2
[08:40:06] Fixed 3 duplicate /gene - artM_1 artM_2 artM_3
[08:40:06] Fixed 2 duplicate /gene - oppD_1 oppD_2
[08:40:06] Fixed 2 duplicate /gene - gspA_1 gspA_2
[08:40:06] Fixed 2 duplicate /gene - metP_1 metP_2
[08:40:06] Fixed 3 duplicate /gene - umuC_1 umuC_2 umuC_3
[08:40:06] Fixed 2 duplicate /gene - walR_1 walR_2
[08:40:06] Fixed 2 duplicate /gene - ctpE_1 ctpE_2
[08:40:06] Fixed 4 duplicate /gene - degA_1 degA_2 degA_3 degA_4
[08:40:06] Fixed 2 duplicate /gene - helD_1 helD_2
[08:40:06] Fixed 2 duplicate /gene - exuR_1 exuR_2
[08:40:06] Fixed 2 duplicate /gene - dtpT_1 dtpT_2
[08:40:06] Fixed 2 duplicate /gene - hrtA_1 hrtA_2
[08:40:06] Fixed 2 duplicate /gene - vanH_1 vanH_2
[08:40:06] Fixed 2 duplicate /gene - rluD_1 rluD_2
[08:40:06] Fixed 2 duplicate /gene - pstB3_1 pstB3_2
[08:40:06] Fixed 2 duplicate /gene - gpsA_1 gpsA_2
[08:40:06] Fixed 2 duplicate /gene - rpsN2_1 rpsN2_2
[08:40:06] Fixed 3 duplicate /gene - ybiT_1 ybiT_2 ybiT_3
[08:40:06] Fixed 2 duplicate /gene - glcU_1 glcU_2
[08:40:06] Fixed 2 duplicate /gene - scrB_1 scrB_2
[08:40:06] Fixed 2 duplicate /gene - vanA_1 vanA_2
[08:40:06] Fixed 2 duplicate /gene - licA_1 licA_2
[08:40:06] Fixed 6 duplicate /gene - bin3_1 bin3_2 bin3_3 bin3_4 bin3_5 bin3_6
[08:40:06] Fixed 195 colliding /gene names.
[08:40:06] Adding /locus_tag identifiers
[08:40:06] Assigned 3172 locus_tags to CDS and RNA features.
[08:40:06] Writing outputs to /home/elze3417/genome_analysis/results/prokka/
[08:40:09] Generating annotation statistics file
[08:40:09] Generating Genbank and Sequin files
[08:40:09] Running: tbl2asn -V b -a r10k -l paired-ends -M n -N 1 -y 'Annotated using prokka 1.14.6 from https://github.com/tseemann/prokka' -Z \/home\/elze3417\/genome_analysis\/results\/prokka\/annotated_genome\.err -i \/home\/elze3417\/genome_analysis\/results\/prokka\/annotated_genome\.fsa 2> /dev/null
[08:40:16] Deleting unwanted file: /home/elze3417/genome_analysis/results/prokka/errorsummary.val
[08:40:16] Deleting unwanted file: /home/elze3417/genome_analysis/results/prokka/annotated_genome.dr
[08:40:16] Deleting unwanted file: /home/elze3417/genome_analysis/results/prokka/annotated_genome.fixedproducts
[08:40:16] Deleting unwanted file: /home/elze3417/genome_analysis/results/prokka/annotated_genome.ecn
[08:40:16] Deleting unwanted file: /home/elze3417/genome_analysis/results/prokka/annotated_genome.val
[08:40:16] Repairing broken .GBK output that tbl2asn produces...
[08:40:16] Running: sed 's/COORDINATES: profile/COORDINATES:profile/' < \/home\/elze3417\/genome_analysis\/results\/prokka\/annotated_genome\.gbf > \/home\/elze3417\/genome_analysis\/results\/prokka\/annotated_genome\.gbk
[08:40:16] Deleting unwanted file: /home/elze3417/genome_analysis/results/prokka/annotated_genome.gbf
[08:40:16] Output files:
[08:40:16] /home/elze3417/genome_analysis/results/prokka/annotated_genome.log
[08:40:16] /home/elze3417/genome_analysis/results/prokka/annotated_genome.fna
[08:40:16] /home/elze3417/genome_analysis/results/prokka/annotated_genome.gff
[08:40:16] /home/elze3417/genome_analysis/results/prokka/annotated_genome.faa
[08:40:16] /home/elze3417/genome_analysis/results/prokka/annotated_genome.ffn
[08:40:16] /home/elze3417/genome_analysis/results/prokka/annotated_genome.tbl
[08:40:16] /home/elze3417/genome_analysis/results/prokka/annotated_genome.fsa
[08:40:16] /home/elze3417/genome_analysis/results/prokka/annotated_genome.tsv
[08:40:16] /home/elze3417/genome_analysis/results/prokka/annotated_genome.txt
[08:40:16] /home/elze3417/genome_analysis/results/prokka/annotated_genome.gbk
[08:40:16] /home/elze3417/genome_analysis/results/prokka/annotated_genome.sqn
[08:40:16] /home/elze3417/genome_analysis/results/prokka/annotated_genome.err
[08:40:16] Annotation finished successfully.
[08:40:16] Walltime used: 9.60 minutes
[08:40:16] If you use this result please cite the Prokka paper:
[08:40:16] Seemann T (2014) Prokka: rapid prokaryotic genome annotation. Bioinformatics. 30(14):2068-9.
[08:40:16] Type 'prokka --citation' for more details.
[08:40:16] Thank you, come again.
